<html>
<head>
<title>TestNG:  Default test</title>
<link href="../testng.css" rel="stylesheet" type="text/css" />
<link href="../my-testng.css" rel="stylesheet" type="text/css" />

<style type="text/css">
.log { display: none;} 
.stack-trace { display: none;} 
</style>
<script type="text/javascript">
<!--
function flip(e) {
  current = e.style.display;
  if (current == 'block') {
    e.style.display = 'none';
    return 0;
  }
  else {
    e.style.display = 'block';
    return 1;
  }
}

function toggleBox(szDivId, elem, msg1, msg2)
{
  var res = -1;  if (document.getElementById) {
    res = flip(document.getElementById(szDivId));
  }
  else if (document.all) {
    // this is the way old msie versions work
    res = flip(document.all[szDivId]);
  }
  if(elem) {
    if(res == 0) elem.innerHTML = msg1; else elem.innerHTML = msg2;
  }

}

function toggleAllBoxes() {
  if (document.getElementsByTagName) {
    d = document.getElementsByTagName('div');
    for (i = 0; i < d.length; i++) {
      if (d[i].className == 'log') {
        flip(d[i]);
      }
    }
  }
}

// -->
</script>

</head>
<body>
<h2 align='center'>Default test</h2><table border='1' align="center">
<tr>
<td>Tests passed/Failed/Skipped:</td><td>9/2/0</td>
</tr><tr>
<td>Started on:</td><td>Mon Jan 17 23:42:09 IST 2022</td>
</tr>
<tr><td>Total time:</td><td>210 seconds (210191 ms)</td>
</tr><tr>
<td>Included groups:</td><td></td>
</tr><tr>
<td>Excluded groups:</td><td></td>
</tr>
</table><p/>
<small><i>(Hover the method name to see the test class name)</i></small><p/>
<table width='100%' border='1' class='invocation-failed'>
<tr><td colspan='4' align='center'><b>FAILED TESTS</b></td></tr>
<tr><td><b>Test method</b></td>
<td width="30%"><b>Exception</b></td>
<td width="10%"><b>Time (seconds)</b></td>
<td><b>Instance</b></td>
</tr>
<tr>
<td title='com.mindtree.runner.TestRunner.runScenario()'><b>runScenario</b><br>Test class: com.mindtree.runner.TestRunner<br>Test method: Runs Cucumber Scenarios<br>Parameters: "CEO Validation", "Optional[Homepage]"</td>
<td><div><pre>java.lang.NullPointerException: Cannot invoke &quot;org.apache.log4j.Logger.info(Object)&quot; because &quot;this.log&quot; is null
	at com.mindtree.pageobject.homepage.ceoname(homepage.java:46)
	at com.mindtree.stepDefination.Homepagestepdefinition.validate_ceo(Homepagestepdefinition.java:40)
	at ?.validate CEO &quot;Gaurav Aggarwal&quot;(file:///C:/Users/Kiran/eclipse-workspace/CucumberFramework/Features/Homepage.feature:17)
</pre></div><a href='#' onClick='toggleBox("stack-trace655180711", this, "Click to show all stack frames", "Click to hide stack frames")'>Click to show all stack frames</a>
<div class='stack-trace' id='stack-trace655180711'><pre>java.lang.NullPointerException: Cannot invoke &quot;org.apache.log4j.Logger.info(Object)&quot; because &quot;this.log&quot; is null
	at com.mindtree.pageobject.homepage.ceoname(homepage.java:46)
	at com.mindtree.stepDefination.Homepagestepdefinition.validate_ceo(Homepagestepdefinition.java:40)
	at ?.validate CEO &quot;Gaurav Aggarwal&quot;(file:///C:/Users/Kiran/eclipse-workspace/CucumberFramework/Features/Homepage.feature:17)
</pre></div></td>
<td>7</td>
<td>com.mindtree.runner.TestRunner@2177849e</td></tr>
<tr>
<td title='com.mindtree.runner.TestRunner.runScenario()'><b>runScenario</b><br>Test class: com.mindtree.runner.TestRunner<br>Test method: Runs Cucumber Scenarios<br>Parameters: "Validating the North route", "Optional[One way cab]"</td>
<td><div><pre>com.mindtree.exceptions.WebDriverHelperException: org.openqa.selenium.ElementClickInterceptedException: element click intercepted: Element &lt;a _ngcontent-wmd-c85=&quot;&quot; routerlink=&quot;/one-way-cabs&quot; target=&quot;_blank&quot; href=&quot;/one-way-cabs&quot;&gt;...&lt;/a&gt; is not clickable at point (552, 538). Other element would receive the click: &lt;span class=&quot;glhjusl &quot;&gt;...&lt;/span&gt;
  (Session info: chrome=97.0.4692.71)
Build info: version: &apos;3.141.59&apos;, revision: &apos;e82be7d358&apos;, time: &apos;2018-11-14T08:17:03&apos;
System info: host: &apos;LAPTOP-Q1QGKN5O&apos;, ip: &apos;192.168.1.8&apos;, os.name: &apos;Windows 10&apos;, os.arch: &apos;amd64&apos;, os.version: &apos;10.0&apos;, java.version: &apos;17&apos;
Driver info: org.openqa.selenium.chrome.ChromeDriver
Capabilities {acceptInsecureCerts: false, browserName: chrome, browserVersion: 97.0.4692.71, chrome: {chromedriverVersion: 96.0.4664.45 (76e4c1bb2ab46..., userDataDir: C:\Users\Kiran\AppData\Loca...}, goog:chromeOptions: {debuggerAddress: localhost:50365}, javascriptEnabled: true, networkConnectionEnabled: false, pageLoadStrategy: normal, platform: WINDOWS, platformName: WINDOWS, proxy: Proxy(), setWindowRect: true, strictFileInteractability: false, timeouts: {implicit: 0, pageLoad: 300000, script: 30000}, unhandledPromptBehavior: dismiss and notify, webauthn:extension:credBlob: true, webauthn:extension:largeBlob: true, webauthn:virtualAuthenticators: true}
Session ID: 5cb0e8d4d0fe71108e3bfb443a5ca96a
	at com.mindtree.reusable.WebDriverHelper.clickButton(WebDriverHelper.java:50)
	at com.mindtree.pageobject.onewaycabspage.services(onewaycabspage.java:24)
	at com.mindtree.stepDefination.onewaycabs.user_lands_on_homepage_and_clicks_on_one_way_cabs_in_services_under_homepage_footer(onewaycabs.java:27)
	at ?.User lands on homepage and clicks on one way cabs in services under homepage footer(file:///C:/Users/Kiran/eclipse-workspace/CucumberFramework/Features/onewaycabs.feature:6)
Caused by: org.openqa.selenium.ElementClickInterceptedException: element click intercepted: Element &lt;a _ngcontent-wmd-c85=&quot;&quot; routerlink=&quot;/one-way-cabs&quot; target=&quot;_blank&quot; href=&quot;/one-way-cabs&quot;&gt;...&lt;/a&gt; is not clickable at point (552, 538). Other element would receive the click: &lt;span class=&quot;glhjusl &quot;&gt;...&lt;/span&gt;
  (Session info: chrome=97.0.4692.71)
Build info: version: &apos;3.141.59&apos;, revision: &apos;e82be7d358&apos;, time: &apos;2018-11-14T08:17:03&apos;
System info: host: &apos;LAPTOP-Q1QGKN5O&apos;, ip: &apos;192.168.1.8&apos;, os.name: &apos;Windows 10&apos;, os.arch: &apos;amd64&apos;, os.version: &apos;10.0&apos;, java.version: &apos;17&apos;
Driver info: org.openqa.selenium.chrome.ChromeDriver
Capabilities {acceptInsecureCerts: false, browserName: chrome, browserVersion: 97.0.4692.71, chrome: {chromedriverVersion: 96.0.4664.45 (76e4c1bb2ab46..., userDataDir: C:\Users\Kiran\AppData\Loca...}, goog:chromeOptions: {debuggerAddress: localhost:50365}, javascriptEnabled: true, networkConnectionEnabled: false, pageLoadStrategy: normal, platform: WINDOWS, platformName: WINDOWS, proxy: Proxy(), setWindowRect: true, strictFileInteractability: false, timeouts: {implicit: 0, pageLoad: 300000, script: 30000}, unhandledPromptBehavior: dismiss and notify, webauthn:extension:credBlob: true, webauthn:extension:largeBlob: true, webauthn:virtualAuthenticators: true}
Session ID: 5cb0e8d4d0fe71108e3bfb443a5ca96a
	at java.base/jdk.internal.reflect.NativeConstructorAccessorImpl.newInstance0(Native Method)
	at java.base/jdk.internal.reflect.NativeConstructorAccessorImpl.newInstance(NativeConstructorAccessorImpl.java:77)
	at java.base/jdk.internal.reflect.DelegatingConstructorAccessorImpl.newInstance(DelegatingConstructorAccessorImpl.java:45)
	at java.base/java.lang.reflect.Constructor.newInstanceWithCaller(Constructor.java:499)
	at java.base/java.lang.reflect.Constructor.newInstance(Constructor.java:480)
	at org.openqa.selenium.remote.http.W3CHttpResponseCodec.createException(W3CHttpResponseCodec.java:187)
	at org.openqa.selenium.remote.http.W3CHttpResponseCodec.decode(W3CHttpResponseCodec.java:122)
	at org.openqa.selenium.remote.http.W3CHttpResponseCodec.decode(W3CHttpResponseCodec.java:49)
	at org.openqa.selenium.remote.HttpCommandExecutor.execute(HttpCommandExecutor.java:158)
	at org.openqa.selenium.remote.service.DriverCommandExecutor.execute(DriverCommandExecutor.java:83)
	at org.openqa.selenium.remote.RemoteWebDriver.execute(RemoteWebDriver.java:552)
	at org.openqa.selenium.remote.RemoteWebElement.execute(RemoteWebElement.java:285)
	at org.openqa.selenium.remote.RemoteWebElement.click(RemoteWebElement.java:84)
	at com.mindtree.reusable.WebDriverHelper.clickButton(WebDriverHelper.java:48)
	at com.mindtree.pageobject.onewaycabspage.services(onewaycabspage.java:24)
	at com.mindtree.stepDefination.onewaycabs.user_lands_on_homepage_and_clicks_on_one_way_cabs_in_services_under_homepage_footer(onewaycabs.java:27)
	at java.base/jdk.internal.reflect.NativeMethodAccessorImpl.invoke0(Native Method)
	at java.base/jdk.internal.reflect.NativeMethodAccessorImpl.invoke(NativeMethodAccessorImpl.java:77)
	at java.base/jdk.internal.reflect.DelegatingMethodAccessorImpl.invoke(DelegatingMethodAccessorImpl.java:43)
	at java.base/java.lang.reflect.Method.invoke(Method.java:568)
	at io.cucumber.java.Invoker.doInvoke(Invoker.java:66)
	at io.cucumber.java.Invoker.invoke(Invoker.java:24)
	at io.cucumber.java.AbstractGlueDefinition.invokeMethod(AbstractGlueDefinition.java:47)
	at io.cucumber.java.JavaStepDefinition.execute(JavaStepDefinition.java:29)
	at io.cucumber.core.runner.CoreStepDefinition.execute(CoreStepDefinition.java:66)
	at io.cucumber.core.runner.PickleStepDefinitionMatch.runStep(PickleStepDefinitionMatch.java:63)
	at io.cucumber.core.runner.ExecutionMode$1.execute(ExecutionMode.java:10)
	at io.cucumber.core.runner.TestStep.executeStep(TestStep.java:86)
	at io.cucumber.core.runner.TestStep.run(TestStep.java:57)
	at io.cucumber.core.runner.PickleStepTestStep.run(PickleStepTestStep.java:51)
	at io.cucumber.core.runner.TestCase.run(TestCase.java:95)
	at io.cucumber.core.runner.Runner.runPickle(Runner.java:75)
	at io.cucumber.testng.TestNGCucumberRunner.lambda$runScenario$1(TestNGCucumberRunner.java:132)
	at io.cucumber.core.runtime.CucumberExecutionContext.lambda$runTestCase$3(CucumberExecutionContext.java:110)
	at io.cucumber.core.runtime.RethrowingThrowableCollector.executeAndThrow(RethrowingThrowableCollector.java:23)
	at io.cucumber.core.runtime.CucumberExecutionContext.runTestCase(CucumberExecutionContext.java:110)
	at io.cucumber.testng.TestNGCucumberRunner.runScenario(TestNGCucumberRunner.java:129)
	at io.cucumber.testng.AbstractTestNGCucumberTests.runScenario(AbstractTestNGCucumberTests.java:35)
	at java.base/jdk.internal.reflect.NativeMethodAccessorImpl.invoke0(Native Method)
	at java.base/jdk.internal.reflect.NativeMethodAccessorImpl.invoke(NativeMethodAccessorImpl.java:77)
	at java.base/jdk.internal.reflect.DelegatingMethodAccessorImpl.invoke(DelegatingMethodAccessorImpl.java:43)
	at java.base/java.lang.reflect.Method.invoke(Method.java:568)
	at org.testng.internal.MethodInvocationHelper.invokeMethod(MethodInvocationHelper.java:133)
	at org.testng.internal.TestInvoker.invokeMethod(TestInvoker.java:584)
	at org.testng.internal.TestInvoker.invokeTestMethod(TestInvoker.java:172)
	at org.testng.internal.MethodRunner.runInSequence(MethodRunner.java:46)
	at org.testng.internal.TestInvoker$MethodInvocationAgent.invoke(TestInvoker.java:804)
	at org.testng.internal.TestInvoker.invokeTestMethods(TestInvoker.java:145)
	at org.testng.internal.TestMethodWorker.invokeTestMethods(TestMethodWorker.java:146)
	at org.testng.internal.TestMethodWorker.run(TestMethodWorker.java:128)
	at java.base/java.util.ArrayList.forEach(ArrayList.java:1511)
	at org.testng.TestRunner.privateRun(TestRunner.java:770)
	at org.testng.TestRunner.run(TestRunner.java:591)
	at org.testng.SuiteRunner.runTest(SuiteRunner.java:402)
	at org.testng.SuiteRunner.runSequentially(SuiteRunner.java:396)
	at org.testng.SuiteRunner.privateRun(SuiteRunner.java:355)
	at org.testng.SuiteRunner.run(SuiteRunner.java:304)
	at org.testng.SuiteRunnerWorker.runSuite(SuiteRunnerWorker.java:53)
	at org.testng.SuiteRunnerWorker.run(SuiteRunnerWorker.java:96)
	at org.testng.TestNG.runSuitesSequentially(TestNG.java:1180)
	at org.testng.TestNG.runSuitesLocally(TestNG.java:1102)
	at org.testng.TestNG.runSuites(TestNG.java:1032)
	at org.testng.TestNG.run(TestNG.java:1000)
	at org.testng.remote.AbstractRemoteTestNG.run(AbstractRemoteTestNG.java:115)
	at org.testng.remote.RemoteTestNG.initAndRun(RemoteTestNG.java:251)
	at org.testng.remote.RemoteTestNG.main(RemoteTestNG.java:77)
</pre></div><a href='#' onClick='toggleBox("stack-trace1468685544", this, "Click to show all stack frames", "Click to hide stack frames")'>Click to show all stack frames</a>
<div class='stack-trace' id='stack-trace1468685544'><pre>com.mindtree.exceptions.WebDriverHelperException: org.openqa.selenium.ElementClickInterceptedException: element click intercepted: Element &lt;a _ngcontent-wmd-c85=&quot;&quot; routerlink=&quot;/one-way-cabs&quot; target=&quot;_blank&quot; href=&quot;/one-way-cabs&quot;&gt;...&lt;/a&gt; is not clickable at point (552, 538). Other element would receive the click: &lt;span class=&quot;glhjusl &quot;&gt;...&lt;/span&gt;
  (Session info: chrome=97.0.4692.71)
Build info: version: &apos;3.141.59&apos;, revision: &apos;e82be7d358&apos;, time: &apos;2018-11-14T08:17:03&apos;
System info: host: &apos;LAPTOP-Q1QGKN5O&apos;, ip: &apos;192.168.1.8&apos;, os.name: &apos;Windows 10&apos;, os.arch: &apos;amd64&apos;, os.version: &apos;10.0&apos;, java.version: &apos;17&apos;
Driver info: org.openqa.selenium.chrome.ChromeDriver
Capabilities {acceptInsecureCerts: false, browserName: chrome, browserVersion: 97.0.4692.71, chrome: {chromedriverVersion: 96.0.4664.45 (76e4c1bb2ab46..., userDataDir: C:\Users\Kiran\AppData\Loca...}, goog:chromeOptions: {debuggerAddress: localhost:50365}, javascriptEnabled: true, networkConnectionEnabled: false, pageLoadStrategy: normal, platform: WINDOWS, platformName: WINDOWS, proxy: Proxy(), setWindowRect: true, strictFileInteractability: false, timeouts: {implicit: 0, pageLoad: 300000, script: 30000}, unhandledPromptBehavior: dismiss and notify, webauthn:extension:credBlob: true, webauthn:extension:largeBlob: true, webauthn:virtualAuthenticators: true}
Session ID: 5cb0e8d4d0fe71108e3bfb443a5ca96a
	at com.mindtree.reusable.WebDriverHelper.clickButton(WebDriverHelper.java:50)
	at com.mindtree.pageobject.onewaycabspage.services(onewaycabspage.java:24)
	at com.mindtree.stepDefination.onewaycabs.user_lands_on_homepage_and_clicks_on_one_way_cabs_in_services_under_homepage_footer(onewaycabs.java:27)
	at ?.User lands on homepage and clicks on one way cabs in services under homepage footer(file:///C:/Users/Kiran/eclipse-workspace/CucumberFramework/Features/onewaycabs.feature:6)
Caused by: org.openqa.selenium.ElementClickInterceptedException: element click intercepted: Element &lt;a _ngcontent-wmd-c85=&quot;&quot; routerlink=&quot;/one-way-cabs&quot; target=&quot;_blank&quot; href=&quot;/one-way-cabs&quot;&gt;...&lt;/a&gt; is not clickable at point (552, 538). Other element would receive the click: &lt;span class=&quot;glhjusl &quot;&gt;...&lt;/span&gt;
  (Session info: chrome=97.0.4692.71)
Build info: version: &apos;3.141.59&apos;, revision: &apos;e82be7d358&apos;, time: &apos;2018-11-14T08:17:03&apos;
System info: host: &apos;LAPTOP-Q1QGKN5O&apos;, ip: &apos;192.168.1.8&apos;, os.name: &apos;Windows 10&apos;, os.arch: &apos;amd64&apos;, os.version: &apos;10.0&apos;, java.version: &apos;17&apos;
Driver info: org.openqa.selenium.chrome.ChromeDriver
Capabilities {acceptInsecureCerts: false, browserName: chrome, browserVersion: 97.0.4692.71, chrome: {chromedriverVersion: 96.0.4664.45 (76e4c1bb2ab46..., userDataDir: C:\Users\Kiran\AppData\Loca...}, goog:chromeOptions: {debuggerAddress: localhost:50365}, javascriptEnabled: true, networkConnectionEnabled: false, pageLoadStrategy: normal, platform: WINDOWS, platformName: WINDOWS, proxy: Proxy(), setWindowRect: true, strictFileInteractability: false, timeouts: {implicit: 0, pageLoad: 300000, script: 30000}, unhandledPromptBehavior: dismiss and notify, webauthn:extension:credBlob: true, webauthn:extension:largeBlob: true, webauthn:virtualAuthenticators: true}
Session ID: 5cb0e8d4d0fe71108e3bfb443a5ca96a
	at java.base/jdk.internal.reflect.NativeConstructorAccessorImpl.newInstance0(Native Method)
	at java.base/jdk.internal.reflect.NativeConstructorAccessorImpl.newInstance(NativeConstructorAccessorImpl.java:77)
	at java.base/jdk.internal.reflect.DelegatingConstructorAccessorImpl.newInstance(DelegatingConstructorAccessorImpl.java:45)
	at java.base/java.lang.reflect.Constructor.newInstanceWithCaller(Constructor.java:499)
	at java.base/java.lang.reflect.Constructor.newInstance(Constructor.java:480)
	at org.openqa.selenium.remote.http.W3CHttpResponseCodec.createException(W3CHttpResponseCodec.java:187)
	at org.openqa.selenium.remote.http.W3CHttpResponseCodec.decode(W3CHttpResponseCodec.java:122)
	at org.openqa.selenium.remote.http.W3CHttpResponseCodec.decode(W3CHttpResponseCodec.java:49)
	at org.openqa.selenium.remote.HttpCommandExecutor.execute(HttpCommandExecutor.java:158)
	at org.openqa.selenium.remote.service.DriverCommandExecutor.execute(DriverCommandExecutor.java:83)
	at org.openqa.selenium.remote.RemoteWebDriver.execute(RemoteWebDriver.java:552)
	at org.openqa.selenium.remote.RemoteWebElement.execute(RemoteWebElement.java:285)
	at org.openqa.selenium.remote.RemoteWebElement.click(RemoteWebElement.java:84)
	at com.mindtree.reusable.WebDriverHelper.clickButton(WebDriverHelper.java:48)
	at com.mindtree.pageobject.onewaycabspage.services(onewaycabspage.java:24)
	at com.mindtree.stepDefination.onewaycabs.user_lands_on_homepage_and_clicks_on_one_way_cabs_in_services_under_homepage_footer(onewaycabs.java:27)
	at java.base/jdk.internal.reflect.NativeMethodAccessorImpl.invoke0(Native Method)
	at java.base/jdk.internal.reflect.NativeMethodAccessorImpl.invoke(NativeMethodAccessorImpl.java:77)
	at java.base/jdk.internal.reflect.DelegatingMethodAccessorImpl.invoke(DelegatingMethodAccessorImpl.java:43)
	at java.base/java.lang.reflect.Method.invoke(Method.java:568)
	at io.cucumber.java.Invoker.doInvoke(Invoker.java:66)
	at io.cucumber.java.Invoker.invoke(Invoker.java:24)
	at io.cucumber.java.AbstractGlueDefinition.invokeMethod(AbstractGlueDefinition.java:47)
	at io.cucumber.java.JavaStepDefinition.execute(JavaStepDefinition.java:29)
	at io.cucumber.core.runner.CoreStepDefinition.execute(CoreStepDefinition.java:66)
	at io.cucumber.core.runner.PickleStepDefinitionMatch.runStep(PickleStepDefinitionMatch.java:63)
	at io.cucumber.core.runner.ExecutionMode$1.execute(ExecutionMode.java:10)
	at io.cucumber.core.runner.TestStep.executeStep(TestStep.java:86)
	at io.cucumber.core.runner.TestStep.run(TestStep.java:57)
	at io.cucumber.core.runner.PickleStepTestStep.run(PickleStepTestStep.java:51)
	at io.cucumber.core.runner.TestCase.run(TestCase.java:95)
	at io.cucumber.core.runner.Runner.runPickle(Runner.java:75)
	at io.cucumber.testng.TestNGCucumberRunner.lambda$runScenario$1(TestNGCucumberRunner.java:132)
	at io.cucumber.core.runtime.CucumberExecutionContext.lambda$runTestCase$3(CucumberExecutionContext.java:110)
	at io.cucumber.core.runtime.RethrowingThrowableCollector.executeAndThrow(RethrowingThrowableCollector.java:23)
	at io.cucumber.core.runtime.CucumberExecutionContext.runTestCase(CucumberExecutionContext.java:110)
	at io.cucumber.testng.TestNGCucumberRunner.runScenario(TestNGCucumberRunner.java:129)
	at io.cucumber.testng.AbstractTestNGCucumberTests.runScenario(AbstractTestNGCucumberTests.java:35)
	at java.base/jdk.internal.reflect.NativeMethodAccessorImpl.invoke0(Native Method)
	at java.base/jdk.internal.reflect.NativeMethodAccessorImpl.invoke(NativeMethodAccessorImpl.java:77)
	at java.base/jdk.internal.reflect.DelegatingMethodAccessorImpl.invoke(DelegatingMethodAccessorImpl.java:43)
	at java.base/java.lang.reflect.Method.invoke(Method.java:568)
	at org.testng.internal.MethodInvocationHelper.invokeMethod(MethodInvocationHelper.java:133)
	at org.testng.internal.TestInvoker.invokeMethod(TestInvoker.java:584)
	at org.testng.internal.TestInvoker.invokeTestMethod(TestInvoker.java:172)
	at org.testng.internal.MethodRunner.runInSequence(MethodRunner.java:46)
	at org.testng.internal.TestInvoker$MethodInvocationAgent.invoke(TestInvoker.java:804)
	at org.testng.internal.TestInvoker.invokeTestMethods(TestInvoker.java:145)
	at org.testng.internal.TestMethodWorker.invokeTestMethods(TestMethodWorker.java:146)
	at org.testng.internal.TestMethodWorker.run(TestMethodWorker.java:128)
	at java.base/java.util.ArrayList.forEach(ArrayList.java:1511)
	at org.testng.TestRunner.privateRun(TestRunner.java:770)
	at org.testng.TestRunner.run(TestRunner.java:591)
	at org.testng.SuiteRunner.runTest(SuiteRunner.java:402)
	at org.testng.SuiteRunner.runSequentially(SuiteRunner.java:396)
	at org.testng.SuiteRunner.privateRun(SuiteRunner.java:355)
	at org.testng.SuiteRunner.run(SuiteRunner.java:304)
	at org.testng.SuiteRunnerWorker.runSuite(SuiteRunnerWorker.java:53)
	at org.testng.SuiteRunnerWorker.run(SuiteRunnerWorker.java:96)
	at org.testng.TestNG.runSuitesSequentially(TestNG.java:1180)
	at org.testng.TestNG.runSuitesLocally(TestNG.java:1102)
	at org.testng.TestNG.runSuites(TestNG.java:1032)
	at org.testng.TestNG.run(TestNG.java:1000)
	at org.testng.remote.AbstractRemoteTestNG.run(AbstractRemoteTestNG.java:115)
	at org.testng.remote.RemoteTestNG.initAndRun(RemoteTestNG.java:251)
	at org.testng.remote.RemoteTestNG.main(RemoteTestNG.java:77)
</pre></div></td>
<td>10</td>
<td>com.mindtree.runner.TestRunner@2177849e</td></tr>
</table><p>
<table width='100%' border='1' class='invocation-passed'>
<tr><td colspan='4' align='center'><b>PASSED TESTS</b></td></tr>
<tr><td><b>Test method</b></td>
<td width="30%"><b>Exception</b></td>
<td width="10%"><b>Time (seconds)</b></td>
<td><b>Instance</b></td>
</tr>
<tr>
<td title='com.mindtree.runner.TestRunner.runScenario()'><b>runScenario</b><br>Test class: com.mindtree.runner.TestRunner<br>Test method: Runs Cucumber Scenarios<br>Parameters: "Airport cab services", "Optional[Airport]"</td>
<td></td>
<td>30</td>
<td>com.mindtree.runner.TestRunner@2177849e</td></tr>
<tr>
<td title='com.mindtree.runner.TestRunner.runScenario()'><b>runScenario</b><br>Test class: com.mindtree.runner.TestRunner<br>Test method: Runs Cucumber Scenarios<br>Parameters: "Airport cab services", "Optional[Airport]"</td>
<td></td>
<td>30</td>
<td>com.mindtree.runner.TestRunner@2177849e</td></tr>
<tr>
<td title='com.mindtree.runner.TestRunner.runScenario()'><b>runScenario</b><br>Test class: com.mindtree.runner.TestRunner<br>Test method: Runs Cucumber Scenarios<br>Parameters: "Title of homepage validation", "Optional[Homepage]"</td>
<td></td>
<td>7</td>
<td>com.mindtree.runner.TestRunner@2177849e</td></tr>
<tr>
<td title='com.mindtree.runner.TestRunner.runScenario()'><b>runScenario</b><br>Test class: com.mindtree.runner.TestRunner<br>Test method: Runs Cucumber Scenarios<br>Parameters: "ContactUs", "Optional[Homepage]"</td>
<td></td>
<td>8</td>
<td>com.mindtree.runner.TestRunner@2177849e</td></tr>
<tr>
<td title='com.mindtree.runner.TestRunner.runScenario()'><b>runScenario</b><br>Test class: com.mindtree.runner.TestRunner<br>Test method: Runs Cucumber Scenarios<br>Parameters: "Local cab services", "Optional[Local path]"</td>
<td></td>
<td>24</td>
<td>com.mindtree.runner.TestRunner@2177849e</td></tr>
<tr>
<td title='com.mindtree.runner.TestRunner.runScenario()'><b>runScenario</b><br>Test class: com.mindtree.runner.TestRunner<br>Test method: Runs Cucumber Scenarios<br>Parameters: "Validating Text is displayed after filling the fields", "Optional[Corporate car Rental under services]"</td>
<td></td>
<td>23</td>
<td>com.mindtree.runner.TestRunner@2177849e</td></tr>
<tr>
<td title='com.mindtree.runner.TestRunner.runScenario()'><b>runScenario</b><br>Test class: com.mindtree.runner.TestRunner<br>Test method: Runs Cucumber Scenarios<br>Parameters: "Outstaion cab services", "Optional[Outsation path]"</td>
<td></td>
<td>27</td>
<td>com.mindtree.runner.TestRunner@2177849e</td></tr>
<tr>
<td title='com.mindtree.runner.TestRunner.runScenario()'><b>runScenario</b><br>Test class: com.mindtree.runner.TestRunner<br>Test method: Runs Cucumber Scenarios<br>Parameters: "Outstaion cab services", "Optional[Outsation path]"</td>
<td></td>
<td>29</td>
<td>com.mindtree.runner.TestRunner@2177849e</td></tr>
<tr>
<td title='com.mindtree.runner.TestRunner.runScenario()'><b>runScenario</b><br>Test class: com.mindtree.runner.TestRunner<br>Test method: Runs Cucumber Scenarios<br>Parameters: "Checking Login", "Optional[Login Validation]"</td>
<td></td>
<td>8</td>
<td>com.mindtree.runner.TestRunner@2177849e</td></tr>
</table><p>
</body>
</html>